<?xml version="1.0" encoding="UTF-8"?>
<!-- Generated by org.testng.reporters.JUnitXMLReporter -->
<testsuite hostname="Rajs-MacBook-Air.local" ignored="0" name="MakeMyTripChallenge2" tests="6" failures="3" timestamp="2019-04-28T15:35:42 IST" time="336.049" errors="0">
  <testcase name="verifyTotalAmount" time="50.264" classname="com.mmt.tests.SearchPageTestsRandom">
    <skipped/>
  </testcase> <!-- verifyTotalAmount -->
  <testcase name="verifyTotalAmount" time="72.464" classname="com.mmt.tests.SearchPageTestsRandom">
    <skipped/>
  </testcase> <!-- verifyTotalAmount -->
  <testcase name="verifyTotalAmount" time="52.056" classname="com.mmt.tests.SearchPageTestsRandom">
    <skipped/>
  </testcase> <!-- verifyTotalAmount -->
  <testcase name="verifyTotalAmount" time="50.363" classname="com.mmt.tests.SearchPageTestsRandom">
    <failure type="java.lang.AssertionError" message="did not expect to find [17269] but found [17165]">
      <![CDATA[java.lang.AssertionError: did not expect to find [17269] but found [17165]
at com.mmt.tests.SearchPageTestsRandom.verifyTotalAmount(SearchPageTestsRandom.java:46)
... Removed 30 stack frames]]>
    </failure>
  </testcase> <!-- verifyTotalAmount -->
  <testcase name="verifyTotalAmount" time="40.964" classname="com.mmt.tests.SearchPageTestsRandom">
    <failure type="java.lang.AssertionError" message="did not expect to find [18092] but found [17988]">
      <![CDATA[java.lang.AssertionError: did not expect to find [18092] but found [17988]
at com.mmt.tests.SearchPageTestsRandom.verifyTotalAmount(SearchPageTestsRandom.java:46)
... Removed 30 stack frames]]>
    </failure>
  </testcase> <!-- verifyTotalAmount -->
  <testcase name="verifyTotalAmount" time="35.651" classname="com.mmt.tests.SearchPageTestsRandom">
    <failure type="java.lang.AssertionError" message="did not expect to find [18200] but found [18092]">
      <![CDATA[java.lang.AssertionError: did not expect to find [18200] but found [18092]
at com.mmt.tests.SearchPageTestsRandom.verifyTotalAmount(SearchPageTestsRandom.java:46)
... Removed 30 stack frames]]>
    </failure>
  </testcase> <!-- verifyTotalAmount -->
</testsuite> <!-- MakeMyTripChallenge2 -->
